[debug] [2022-10-03T15:14:19.650Z] ----------------------------------------------------------------------
[debug] [2022-10-03T15:14:19.651Z] Command:       /home/boureima/.nvm/versions/node/v16.17.0/bin/node /home/boureima/.nvm/versions/node/v16.17.0/bin/firebase init hosting
[debug] [2022-10-03T15:14:19.652Z] CLI Version:   11.13.0
[debug] [2022-10-03T15:14:19.652Z] Platform:      linux
[debug] [2022-10-03T15:14:19.652Z] Node Version:  v16.17.0
[debug] [2022-10-03T15:14:19.652Z] Time:          Mon Oct 03 2022 15:14:19 GMT+0000 (Greenwich Mean Time)
[debug] [2022-10-03T15:14:19.652Z] ----------------------------------------------------------------------
[debug] 
[debug] [2022-10-03T15:14:19.655Z] > command requires scopes: ["email","openid","https://www.googleapis.com/auth/cloudplatformprojects.readonly","https://www.googleapis.com/auth/firebase","https://www.googleapis.com/auth/cloud-platform"]
[debug] [2022-10-03T15:14:19.656Z] > authorizing via signed-in user (naboure@gmail.com)
[info] 
     ######## #### ########  ######## ########     ###     ######  ########
     ##        ##  ##     ## ##       ##     ##  ##   ##  ##       ##
     ######    ##  ########  ######   ########  #########  ######  ######
     ##        ##  ##    ##  ##       ##     ## ##     ##       ## ##
     ##       #### ##     ## ######## ########  ##     ##  ######  ########

You're about to initialize a Firebase project in this directory:

  /home/boureima/Documents/Stage_declic/todo-list

[info] 
=== Project Setup
[info] 
[info] First, let's associate this project directory with a Firebase project.
[info] You can create multiple project aliases by running firebase use --add, 
[info] but for now we'll just set up a default project.
[info] 
[debug] [2022-10-03T15:14:57.161Z] >>> [apiv2][query] GET https://firebase.googleapis.com/v1beta1/projects pageSize=100
[debug] [2022-10-03T15:14:58.494Z] <<< [apiv2][status] GET https://firebase.googleapis.com/v1beta1/projects 200
[debug] [2022-10-03T15:14:58.494Z] <<< [apiv2][body] GET https://firebase.googleapis.com/v1beta1/projects [omitted]
[info] i  Using project fir-todo-471dc (firebase-Todo) 
[info] 
=== Hosting Setup
[info] 
[info] Your public directory is the folder (relative to your project directory) that
[info] will contain Hosting assets to be uploaded with firebase deploy. If you
[info] have a build process for your assets, use your build's output directory.
[info] 
[info] ✔  Wrote public/404.html 
[debug] [2022-10-03T15:16:03.704Z] >>> [apiv2][query] GET https://www.gstatic.com/firebasejs/releases.json [none]
[debug] [2022-10-03T15:16:03.970Z] <<< [apiv2][status] GET https://www.gstatic.com/firebasejs/releases.json 200
[debug] [2022-10-03T15:16:03.970Z] <<< [apiv2][body] GET https://www.gstatic.com/firebasejs/releases.json {"current":{"version":"9.10.0","browserURL":"https://www.gstatic.com/firebasejs/9.10.0/firebase.js","packageURL":"https://www.gstatic.com/firebasejs/9.10.0/firebase.tgz"},"live":{"version":"9.10","browserURL":"https://www.gstatic.com/firebasejs/live/9.10/firebase.js","packageURL":"https://www.gstatic.com/firebasejs/live/9.10/firebase.tgz"},"components":{"analytics":"https://www.gstatic.com/firebasejs/9.10.0/firebase-analytics.js","app":"https://www.gstatic.com/firebasejs/9.10.0/firebase-app.js","app-check":"https://www.gstatic.com/firebasejs/9.10.0/firebase-app-check.js","auth":"https://www.gstatic.com/firebasejs/9.10.0/firebase-auth.js","auth/cordova":"https://www.gstatic.com/firebasejs/9.10.0/firebase-auth/cordova.js","auth/react-native":"https://www.gstatic.com/firebasejs/9.10.0/firebase-auth/react-native.js","functions":"https://www.gstatic.com/firebasejs/9.10.0/firebase-functions.js","firestore":"https://www.gstatic.com/firebasejs/9.10.0/firebase-firestore.js","firestore/lite":"https://www.gstatic.com/firebasejs/9.10.0/firebase-firestore/lite.js","installations":"https://www.gstatic.com/firebasejs/9.10.0/firebase-installations.js","storage":"https://www.gstatic.com/firebasejs/9.10.0/firebase-storage.js","performance":"https://www.gstatic.com/firebasejs/9.10.0/firebase-performance.js","remote-config":"https://www.gstatic.com/firebasejs/9.10.0/firebase-remote-config.js","messaging":"https://www.gstatic.com/firebasejs/9.10.0/firebase-messaging.js","messaging/sw":"https://www.gstatic.com/firebasejs/9.10.0/firebase-messaging/sw.js","database":"https://www.gstatic.com/firebasejs/9.10.0/firebase-database.js","firestore.memory":"https://www.gstatic.com/firebasejs/9.10.0/firebase-firestore.memory.js"}}
[info] i  Skipping write of public/index.html 
[info] 
[info] i  Detected a .git folder at /home/boureima/Documents/Stage_declic/todo-list 
[info] i  Authorizing with GitHub to upload your service account to a GitHub repository's secrets store. 
[info] 
[info] Visit this URL on this device to log in:
[info] https://github.com/login/oauth/authorize?client_id=89cf50f02ac6aaed3484&state=834658170&redirect_uri=http%3A%2F%2Flocalhost%3A9005&scope=read%3Auser%20repo%20public_repo
[info] 
[info] Waiting for authentication...
[debug] [2022-10-03T15:16:52.478Z] >>> [apiv2][query] POST https://github.com/login/oauth/access_token [none]
[debug] [2022-10-03T15:16:52.479Z] >>> [apiv2][body] POST https://github.com/login/oauth/access_token [stream]
[debug] [2022-10-03T15:16:53.221Z] <<< [apiv2][status] POST https://github.com/login/oauth/access_token 200
[debug] [2022-10-03T15:16:53.221Z] <<< [apiv2][body] POST https://github.com/login/oauth/access_token {"access_token":"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","token_type":"bearer","scope":"read:user,repo"}
[debug] [2022-10-03T15:16:53.230Z] >>> [apiv2][query] GET https://api.github.com/user [none]
[debug] [2022-10-03T15:16:53.998Z] <<< [apiv2][status] GET https://api.github.com/user 200
[debug] [2022-10-03T15:16:53.998Z] <<< [apiv2][body] GET https://api.github.com/user {"login":"Namountougou","id":60631581,"node_id":"MDQ6VXNlcjYwNjMxNTgx","avatar_url":"https://avatars.githubusercontent.com/u/60631581?v=4","gravatar_id":"","url":"https://api.github.com/users/Namountougou","html_url":"https://github.com/Namountougou","followers_url":"https://api.github.com/users/Namountougou/followers","following_url":"https://api.github.com/users/Namountougou/following{/other_user}","gists_url":"https://api.github.com/users/Namountougou/gists{/gist_id}","starred_url":"https://api.github.com/users/Namountougou/starred{/owner}{/repo}","subscriptions_url":"https://api.github.com/users/Namountougou/subscriptions","organizations_url":"https://api.github.com/users/Namountougou/orgs","repos_url":"https://api.github.com/users/Namountougou/repos","events_url":"https://api.github.com/users/Namountougou/events{/privacy}","received_events_url":"https://api.github.com/users/Namountougou/received_events","type":"User","site_admin":false,"name":"Boureima Namountougou","company":null,"blog":"","location":null,"email":null,"hireable":null,"bio":"Hello! I am a software engineer and passionate of new technologies.","twitter_username":"BNaboure","public_repos":16,"public_gists":0,"followers":1,"following":10,"created_at":"2020-02-03T23:38:41Z","updated_at":"2022-09-26T13:47:27Z","private_gists":0,"total_private_repos":1,"owned_private_repos":1,"disk_usage":91944,"collaborators":1,"two_factor_authentication":false,"plan":{"name":"pro","space":976562499,"collaborators":0,"private_repos":9999}}
[info] 
[info] ✔  Success! Logged into GitHub as Namountougou 
[info] 
[debug] [2022-10-03T15:19:06.203Z] >>> [apiv2][query] GET https://api.github.com/repos/todo-list/actions/secrets/public-key type=owner
[debug] [2022-10-03T15:19:06.953Z] <<< [apiv2][status] GET https://api.github.com/repos/todo-list/actions/secrets/public-key 404
[debug] [2022-10-03T15:19:06.954Z] <<< [apiv2][body] GET https://api.github.com/repos/todo-list/actions/secrets/public-key {"message":"Not Found","documentation_url":"https://docs.github.com/rest"}
[debug] [2022-10-03T15:19:07.222Z] >>> [apiv2][query] GET https://api.github.com/repos/todo-list/actions/secrets/public-key type=owner
[debug] [2022-10-03T15:19:09.984Z] <<< [apiv2][status] GET https://api.github.com/repos/todo-list/actions/secrets/public-key 404
[debug] [2022-10-03T15:19:09.984Z] <<< [apiv2][body] GET https://api.github.com/repos/todo-list/actions/secrets/public-key {"message":"Not Found","documentation_url":"https://docs.github.com/rest"}
[debug] [2022-10-03T15:19:15.812Z] >>> [apiv2][query] GET https://api.github.com/repos/todo-list/actions/secrets/public-key type=owner
[debug] [2022-10-03T15:19:19.610Z] <<< [apiv2][status] GET https://api.github.com/repos/todo-list/actions/secrets/public-key 404
[debug] [2022-10-03T15:19:19.610Z] <<< [apiv2][body] GET https://api.github.com/repos/todo-list/actions/secrets/public-key {"message":"Not Found","documentation_url":"https://docs.github.com/rest"}
